INFO: [HLS 200-10] Running '/home/opt/Vivado_HLS/2016.4/bin/unwrapped/lnx64.o/vivado_hls'
INFO: [HLS 200-10] For user 'root' on host 'syslab-mco-cloud-storage2.syslab.baidu.com' (Linux_x86_64 version 2.6.32_1-12-0-0) on Mon Jul 03 09:27:56 CST 2017
INFO: [HLS 200-10] On os "CentOS release 6.3 (Final)"
INFO: [HLS 200-10] In directory '/home/ruanyuan/CLOUD/fpga_cloud/hls'
INFO: [HLS 200-10] Opening project '/home/ruanyuan/CLOUD/fpga_cloud/hls/vectoradd'.
INFO: [HLS 200-10] Opening solution '/home/ruanyuan/CLOUD/fpga_cloud/hls/vectoradd/solution1'.
INFO: [SYN 201-201] Setting up clock 'default' with a period of 4ns.
INFO: [HLS 200-10] Setting target device to 'xcku115-flvf1924-2-e'
INFO: [IMPL 213-8] Exporting RTL as an IP in IP-XACT.

****** Vivado v2016.4 (64-bit)
  **** SW Build 1733598 on Wed Dec 14 22:35:42 MST 2016
  **** IP Build 1731160 on Wed Dec 14 23:47:21 MST 2016
    ** Copyright 1986-2016 Xilinx, Inc. All Rights Reserved.

source run_ippack.tcl -notrace
INFO: [IP_Flow 19-234] Refreshing IP repositories
INFO: [IP_Flow 19-1704] No user IP repositories specified
INFO: [IP_Flow 19-2313] Loaded Vivado IP repository '/home/opt/Vivado/2016.4/data/ip'.
WARNING: [IP_Flow 19-4832] The IP name 'example_ap_fadd_6_full_dsp_32' you have specified is long. The Windows operating system has path length limitations. It is recommended you use shorter names to reduce the likelihood of issues.
INFO: [IP_Flow 19-1686] Generating 'Synthesis' target for IP 'example_ap_fadd_6_full_dsp_32'...
INFO: [IP_Flow 19-1686] Generating 'Simulation' target for IP 'example_ap_fadd_6_full_dsp_32'...
INFO: [IP_Flow 19-234] Refreshing IP repositories
INFO: [IP_Flow 19-1704] No user IP repositories specified
INFO: [IP_Flow 19-2313] Loaded Vivado IP repository '/home/opt/Vivado/2016.4/data/ip'.
INFO: [Common 17-206] Exiting Vivado at Mon Jul  3 09:28:14 2017...
