#-----------------------------------------------------------
# Vivado v2016.4 (64-bit)
# SW Build 1733598 on Wed Dec 14 22:35:42 MST 2016
# IP Build 1731160 on Wed Dec 14 23:47:21 MST 2016
# Start of session at: Tue Mar 21 17:15:39 2017
# Process ID: 32496
# Current directory: /home/tuyichen/FPGA_cloud/vivado_prj/axi_master2/axi_master/proj_axi_master/solution6/impl/ip
# Command line: vivado -notrace -mode batch -source run_ippack.tcl
# Log file: /home/tuyichen/FPGA_cloud/vivado_prj/axi_master2/axi_master/proj_axi_master/solution6/impl/ip/vivado.log
# Journal file: /home/tuyichen/FPGA_cloud/vivado_prj/axi_master2/axi_master/proj_axi_master/solution6/impl/ip/vivado.jou
#-----------------------------------------------------------
source run_ippack.tcl -notrace
INFO: [IP_Flow 19-234] Refreshing IP repositories
INFO: [IP_Flow 19-1704] No user IP repositories specified
INFO: [IP_Flow 19-2313] Loaded Vivado IP repository '/home/opt/Vivado/2016.4/data/ip'.
WARNING: [IP_Flow 19-4832] The IP name 'example_ap_fadd_6_full_dsp_32' you have specified is long. The Windows operating system has path length limitations. It is recommended you use shorter names to reduce the likelihood of issues.
INFO: [IP_Flow 19-1686] Generating 'Synthesis' target for IP 'example_ap_fadd_6_full_dsp_32'...
INFO: [IP_Flow 19-1686] Generating 'Simulation' target for IP 'example_ap_fadd_6_full_dsp_32'...
INFO: [IP_Flow 19-234] Refreshing IP repositories
INFO: [IP_Flow 19-1704] No user IP repositories specified
INFO: [IP_Flow 19-2313] Loaded Vivado IP repository '/home/opt/Vivado/2016.4/data/ip'.
INFO: [Common 17-206] Exiting Vivado at Tue Mar 21 17:15:56 2017...
