Command: phys_opt_design
Attempting to get a license for feature 'Implementation' and/or device 'xcku115'
INFO: [Common 17-349] Got license for feature 'Implementation' and/or device 'xcku115'
Netlist sorting complete. Time (s): cpu = 00:00:00.20 ; elapsed = 00:00:00.20 . Memory (MB): peak = 4420.508 ; gain = 0.000 ; free physical = 50938 ; free virtual = 85070
INFO: [Physopt 32-245] Routed nets are present in the design. phys_opt_design will optimize unrouted part of the design.

Starting Physical Synthesis Task

Phase 1 Physical Synthesis Initialization
INFO: [Physopt 32-721] Multithreading enabled for phys_opt_design using a maximum of 8 CPUs
Phase 1 Physical Synthesis Initialization | Checksum: 2793df232

Time (s): cpu = 00:01:46 ; elapsed = 00:00:44 . Memory (MB): peak = 4420.508 ; gain = 0.000 ; free physical = 50939 ; free virtual = 85071
INFO: [Physopt 32-245] Routed nets are present in the design. phys_opt_design will optimize unrouted part of the design.
INFO: [Physopt 32-619] Estimated Timing Summary | WNS=-0.488 | TNS=-108.883 |

Phase 2 Fanout Optimization
INFO: [Physopt 32-76] Pass 1. Identified 1 candidate net for fanout optimization.
INFO: [Physopt 32-81] Processed net rp_bd_i/rp_bd_i/axislave_cu_apctrl_v1_0_0/inst/axislave_cu_apctrl_v1_0_S00_AXI_inst/slv_reg_rden__0. Replicated 1 times.
INFO: [Physopt 32-29] End Pass 1. Optimized 1 net. Created 1 new instance.

INFO: [Physopt 32-619] Estimated Timing Summary | WNS=-0.488 | TNS=-109.227 |
Netlist sorting complete. Time (s): cpu = 00:00:00.21 ; elapsed = 00:00:00.21 . Memory (MB): peak = 4420.508 ; gain = 0.000 ; free physical = 50939 ; free virtual = 85071
Phase 2 Fanout Optimization | Checksum: 14a50b212

Time (s): cpu = 00:01:53 ; elapsed = 00:00:47 . Memory (MB): peak = 4420.508 ; gain = 0.000 ; free physical = 50939 ; free virtual = 85071

Phase 3 Placement Based Optimization
INFO: [Physopt 32-660] Identified 100 candidate nets for placement-based optimization.
INFO: [Physopt 32-662] Processed net rp_bd_i/rp_bd_i/axislave_cu_apctrl_v1_0_0/inst/axislave_cu_apctrl_v1_0_S00_AXI_inst/slv_reg3[31]_i_2_n_2.  Did not re-place instance rp_bd_i/rp_bd_i/axislave_cu_apctrl_v1_0_0/inst/axislave_cu_apctrl_v1_0_S00_AXI_inst/slv_reg3[31]_i_2
INFO: [Physopt 32-663] Processed net rp_bd_i/rp_bd_i/axislave_cu_apctrl_v1_0_0/inst/axislave_cu_apctrl_v1_0_S00_AXI_inst/slv_reg3[7]_i_1_n_2.  Re-placed instance rp_bd_i/rp_bd_i/axislave_cu_apctrl_v1_0_0/inst/axislave_cu_apctrl_v1_0_S00_AXI_inst/slv_reg3[7]_i_1
INFO: [Physopt 32-662] Processed net rp_bd_i/rp_bd_i/axislave_cu_apctrl_v1_0_0/inst/axislave_cu_apctrl_v1_0_S00_AXI_inst/slv_reg7[31]_i_1_n_2.  Did not re-place instance rp_bd_i/rp_bd_i/axislave_cu_apctrl_v1_0_0/inst/axislave_cu_apctrl_v1_0_S00_AXI_inst/slv_reg7[31]_i_1
INFO: [Physopt 32-662] Processed net rp_bd_i/rp_bd_i/axislave_cu_apctrl_v1_0_0/inst/axislave_cu_apctrl_v1_0_S00_AXI_inst/slv_reg1[31]_i_6_n_2.  Did not re-place instance rp_bd_i/rp_bd_i/axislave_cu_apctrl_v1_0_0/inst/axislave_cu_apctrl_v1_0_S00_AXI_inst/slv_reg1[31]_i_6
INFO: [Physopt 32-662] Processed net rp_bd_i/rp_bd_i/axislave_cu_apctrl_v1_0_0/inst/axislave_cu_apctrl_v1_0_S00_AXI_inst/slv_reg5[31]_i_1_n_2.  Did not re-place instance rp_bd_i/rp_bd_i/axislave_cu_apctrl_v1_0_0/inst/axislave_cu_apctrl_v1_0_S00_AXI_inst/slv_reg5[31]_i_1
INFO: [Physopt 32-663] Processed net rp_bd_i/rp_bd_i/axislave_cu_apctrl_v1_0_0/inst/axislave_cu_apctrl_v1_0_S00_AXI_inst/slv_reg3[23]_i_1_n_2.  Re-placed instance rp_bd_i/rp_bd_i/axislave_cu_apctrl_v1_0_0/inst/axislave_cu_apctrl_v1_0_S00_AXI_inst/slv_reg3[23]_i_1
INFO: [Physopt 32-663] Processed net rp_bd_i/rp_bd_i/axislave_cu_apctrl_v1_0_0/inst/axislave_cu_apctrl_v1_0_S00_AXI_inst/slv_reg1[31]_i_1_n_2.  Re-placed instance rp_bd_i/rp_bd_i/axislave_cu_apctrl_v1_0_0/inst/axislave_cu_apctrl_v1_0_S00_AXI_inst/slv_reg1[31]_i_1
INFO: [Physopt 32-663] Processed net rp_bd_i/rp_bd_i/axislave_cu_apctrl_v1_0_0/inst/axislave_cu_apctrl_v1_0_S00_AXI_inst/slv_reg2[7]_i_1_n_2.  Re-placed instance rp_bd_i/rp_bd_i/axislave_cu_apctrl_v1_0_0/inst/axislave_cu_apctrl_v1_0_S00_AXI_inst/slv_reg2[7]_i_1
INFO: [Physopt 32-663] Processed net rp_bd_i/rp_bd_i/axislave_cu_apctrl_v1_0_0/inst/axislave_cu_apctrl_v1_0_S00_AXI_inst/slv_reg2[7]_i_2_n_2.  Re-placed instance rp_bd_i/rp_bd_i/axislave_cu_apctrl_v1_0_0/inst/axislave_cu_apctrl_v1_0_S00_AXI_inst/slv_reg2[7]_i_2
INFO: [Physopt 32-663] Processed net rp_bd_i/rp_bd_i/axislave_cu_apctrl_v1_0_0/inst/axislave_cu_apctrl_v1_0_S00_AXI_inst/p_1_in[15].  Re-placed instance rp_bd_i/rp_bd_i/axislave_cu_apctrl_v1_0_0/inst/axislave_cu_apctrl_v1_0_S00_AXI_inst/slv_reg0[15]_i_1
INFO: [Physopt 32-662] Processed net rp_bd_i/rp_bd_i/axislave_cu_apctrl_v1_0_0/inst/axislave_cu_apctrl_v1_0_S00_AXI_inst/slv_reg4[15]_i_2_n_2.  Did not re-place instance rp_bd_i/rp_bd_i/axislave_cu_apctrl_v1_0_0/inst/axislave_cu_apctrl_v1_0_S00_AXI_inst/slv_reg4[15]_i_2
INFO: [Physopt 32-662] Processed net rp_bd_i/rp_bd_i/axislave_cu_apctrl_v1_0_0/inst/axislave_cu_apctrl_v1_0_S00_AXI_inst/slv_reg7[7]_i_1_n_2.  Did not re-place instance rp_bd_i/rp_bd_i/axislave_cu_apctrl_v1_0_0/inst/axislave_cu_apctrl_v1_0_S00_AXI_inst/slv_reg7[7]_i_1
INFO: [Physopt 32-662] Processed net rp_bd_i/rp_bd_i/axislave_cu_apctrl_v1_0_0/inst/axislave_cu_apctrl_v1_0_S00_AXI_inst/slv_reg5[23]_i_1_n_2.  Did not re-place instance rp_bd_i/rp_bd_i/axislave_cu_apctrl_v1_0_0/inst/axislave_cu_apctrl_v1_0_S00_AXI_inst/slv_reg5[23]_i_1
INFO: [Physopt 32-662] Processed net rp_bd_i/rp_bd_i/axislave_cu_apctrl_v1_0_0/inst/axislave_cu_apctrl_v1_0_S00_AXI_inst/slv_reg4[7]_i_1_n_2.  Did not re-place instance rp_bd_i/rp_bd_i/axislave_cu_apctrl_v1_0_0/inst/axislave_cu_apctrl_v1_0_S00_AXI_inst/slv_reg4[7]_i_1
INFO: [Physopt 32-662] Processed net rp_bd_i/rp_bd_i/axislave_cu_apctrl_v1_0_0/inst/axislave_cu_apctrl_v1_0_S00_AXI_inst/slv_reg4[7]_i_2_n_2.  Did not re-place instance rp_bd_i/rp_bd_i/axislave_cu_apctrl_v1_0_0/inst/axislave_cu_apctrl_v1_0_S00_AXI_inst/slv_reg4[7]_i_2
INFO: [Physopt 32-663] Processed net rp_bd_i/rp_bd_i/axislave_cu_apctrl_v1_0_0/inst/axislave_cu_apctrl_v1_0_S00_AXI_inst/slv_reg1[23]_i_1_n_2.  Re-placed instance rp_bd_i/rp_bd_i/axislave_cu_apctrl_v1_0_0/inst/axislave_cu_apctrl_v1_0_S00_AXI_inst/slv_reg1[23]_i_1
INFO: [Physopt 32-663] Processed net rp_bd_i/rp_bd_i/axislave_cu_apctrl_v1_0_0/inst/axislave_cu_apctrl_v1_0_S00_AXI_inst/slv_reg2[23]_i_1_n_2.  Re-placed instance rp_bd_i/rp_bd_i/axislave_cu_apctrl_v1_0_0/inst/axislave_cu_apctrl_v1_0_S00_AXI_inst/slv_reg2[23]_i_1
INFO: [Physopt 32-662] Processed net rp_bd_i/rp_bd_i/axislave_cu_apctrl_v1_0_0/inst/axislave_cu_apctrl_v1_0_S00_AXI_inst/slv_reg2[23]_i_2_n_2.  Did not re-place instance rp_bd_i/rp_bd_i/axislave_cu_apctrl_v1_0_0/inst/axislave_cu_apctrl_v1_0_S00_AXI_inst/slv_reg2[23]_i_2
INFO: [Physopt 32-662] Processed net rp_bd_i/rp_bd_i/axislave_cu_apctrl_v1_0_0/inst/axislave_cu_apctrl_v1_0_S00_AXI_inst/slv_reg5[7]_i_1_n_2.  Did not re-place instance rp_bd_i/rp_bd_i/axislave_cu_apctrl_v1_0_0/inst/axislave_cu_apctrl_v1_0_S00_AXI_inst/slv_reg5[7]_i_1
INFO: [Physopt 32-662] Processed net rp_bd_i/rp_bd_i/axislave_cu_apctrl_v1_0_0/inst/axislave_cu_apctrl_v1_0_S00_AXI_inst/slv_reg5[15]_i_1_n_2.  Did not re-place instance rp_bd_i/rp_bd_i/axislave_cu_apctrl_v1_0_0/inst/axislave_cu_apctrl_v1_0_S00_AXI_inst/slv_reg5[15]_i_1
INFO: [Physopt 32-663] Processed net rp_bd_i/rp_bd_i/axislave_cu_apctrl_v1_0_0/inst/axislave_cu_apctrl_v1_0_S00_AXI_inst/p_1_in[23].  Re-placed instance rp_bd_i/rp_bd_i/axislave_cu_apctrl_v1_0_0/inst/axislave_cu_apctrl_v1_0_S00_AXI_inst/slv_reg0[23]_i_1
INFO: [Physopt 32-663] Processed net rp_bd_i/rp_bd_i/axislave_cu_apctrl_v1_0_0/inst/axislave_cu_apctrl_v1_0_S00_AXI_inst/slv_reg4[18]_i_2_n_2.  Re-placed instance rp_bd_i/rp_bd_i/axislave_cu_apctrl_v1_0_0/inst/axislave_cu_apctrl_v1_0_S00_AXI_inst/slv_reg4[18]_i_2
INFO: [Physopt 32-663] Processed net rp_bd_i/rp_bd_i/axislave_cu_apctrl_v1_0_0/inst/axislave_cu_apctrl_v1_0_S00_AXI_inst/slv_reg4[18]_i_1_n_2.  Re-placed instance rp_bd_i/rp_bd_i/axislave_cu_apctrl_v1_0_0/inst/axislave_cu_apctrl_v1_0_S00_AXI_inst/slv_reg4[18]_i_1
INFO: [Physopt 32-663] Processed net rp_bd_i/rp_bd_i/axislave_cu_apctrl_v1_0_0/inst/axislave_cu_apctrl_v1_0_S00_AXI_inst/slv_reg1[7]_i_1_n_2.  Re-placed instance rp_bd_i/rp_bd_i/axislave_cu_apctrl_v1_0_0/inst/axislave_cu_apctrl_v1_0_S00_AXI_inst/slv_reg1[7]_i_1
INFO: [Physopt 32-662] Processed net rp_bd_i/rp_bd_i/axislave_cu_apctrl_v1_0_0/inst/axislave_cu_apctrl_v1_0_S00_AXI_inst/p_1_in[7].  Did not re-place instance rp_bd_i/rp_bd_i/axislave_cu_apctrl_v1_0_0/inst/axislave_cu_apctrl_v1_0_S00_AXI_inst/slv_reg0[7]_i_1
INFO: [Physopt 32-662] Processed net rp_bd_i/rp_bd_i/axislave_cu_apctrl_v1_0_0/inst/axislave_cu_apctrl_v1_0_S00_AXI_inst/slv_reg1[15]_i_1_n_2.  Did not re-place instance rp_bd_i/rp_bd_i/axislave_cu_apctrl_v1_0_0/inst/axislave_cu_apctrl_v1_0_S00_AXI_inst/slv_reg1[15]_i_1
INFO: [Physopt 32-662] Processed net rp_bd_i/rp_bd_i/axislave_cu_apctrl_v1_0_0/inst/axislave_cu_apctrl_v1_0_S00_AXI_inst/slv_reg4[31]_i_1_n_2.  Did not re-place instance rp_bd_i/rp_bd_i/axislave_cu_apctrl_v1_0_0/inst/axislave_cu_apctrl_v1_0_S00_AXI_inst/slv_reg4[31]_i_1
INFO: [Physopt 32-662] Processed net rp_bd_i/rp_bd_i/axislave_cu_apctrl_v1_0_0/inst/axislave_cu_apctrl_v1_0_S00_AXI_inst/slv_reg0[31]_i_2_n_2.  Did not re-place instance rp_bd_i/rp_bd_i/axislave_cu_apctrl_v1_0_0/inst/axislave_cu_apctrl_v1_0_S00_AXI_inst/slv_reg0[31]_i_2
INFO: [Physopt 32-663] Processed net rp_bd_i/rp_bd_i/axislave_cu_apctrl_v1_0_0/inst/axislave_cu_apctrl_v1_0_S00_AXI_inst/slv_reg_rden__0.  Re-placed instance rp_bd_i/rp_bd_i/axislave_cu_apctrl_v1_0_0/inst/axislave_cu_apctrl_v1_0_S00_AXI_inst/slv_reg_rden
INFO: [Physopt 32-662] Processed net rp_bd_i/rp_bd_i/axislave_cu_apctrl_v1_0_0/inst/axislave_cu_apctrl_v1_0_S00_AXI_inst/slv_reg2[31]_i_1_n_2.  Did not re-place instance rp_bd_i/rp_bd_i/axislave_cu_apctrl_v1_0_0/inst/axislave_cu_apctrl_v1_0_S00_AXI_inst/slv_reg2[31]_i_1
INFO: [Physopt 32-663] Processed net rp_bd_i/rp_bd_i/axislave_cu_apctrl_v1_0_0/inst/axislave_cu_apctrl_v1_0_S00_AXI_inst/slv_reg2[31]_i_2_n_2.  Re-placed instance rp_bd_i/rp_bd_i/axislave_cu_apctrl_v1_0_0/inst/axislave_cu_apctrl_v1_0_S00_AXI_inst/slv_reg2[31]_i_2
INFO: [Physopt 32-662] Processed net rp_bd_i/rp_bd_i/axislave_cu_apctrl_v1_0_0/inst/axislave_cu_apctrl_v1_0_S00_AXI_inst/slv_reg7[23]_i_1_n_2.  Did not re-place instance rp_bd_i/rp_bd_i/axislave_cu_apctrl_v1_0_0/inst/axislave_cu_apctrl_v1_0_S00_AXI_inst/slv_reg7[23]_i_1
INFO: [Physopt 32-663] Processed net rp_bd_i/rp_bd_i/axislave_cu_apctrl_v1_0_0/inst/axislave_cu_apctrl_v1_0_S00_AXI_inst/p_1_in[31].  Re-placed instance rp_bd_i/rp_bd_i/axislave_cu_apctrl_v1_0_0/inst/axislave_cu_apctrl_v1_0_S00_AXI_inst/slv_reg0[31]_i_1
INFO: [Physopt 32-662] Processed net rp_bd_i/rp_bd_i/axislave_cu_apctrl_v1_0_0/inst/axislave_cu_apctrl_v1_0_S00_AXI_inst/slv_reg4[15]_i_1_n_2.  Did not re-place instance rp_bd_i/rp_bd_i/axislave_cu_apctrl_v1_0_0/inst/axislave_cu_apctrl_v1_0_S00_AXI_inst/slv_reg4[15]_i_1
INFO: [Physopt 32-662] Processed net rp_bd_i/rp_bd_i/axislave_cu_apctrl_v1_0_0/inst/axislave_cu_apctrl_v1_0_S00_AXI_inst/slv_reg6[23]_i_1_n_2.  Did not re-place instance rp_bd_i/rp_bd_i/axislave_cu_apctrl_v1_0_0/inst/axislave_cu_apctrl_v1_0_S00_AXI_inst/slv_reg6[23]_i_1
INFO: [Physopt 32-663] Processed net rp_bd_i/rp_bd_i/axislave_cu_apctrl_v1_0_0/inst/axislave_cu_apctrl_v1_0_S00_AXI_inst/s00_axi_rdata[14].  Re-placed instance rp_bd_i/rp_bd_i/axislave_cu_apctrl_v1_0_0/inst/axislave_cu_apctrl_v1_0_S00_AXI_inst/axi_rdata_reg[14]
INFO: [Physopt 32-663] Processed net rp_bd_i/rp_bd_i/axislave_cu_apctrl_v1_0_0/inst/axislave_cu_apctrl_v1_0_S00_AXI_inst/s00_axi_rdata[31].  Re-placed instance rp_bd_i/rp_bd_i/axislave_cu_apctrl_v1_0_0/inst/axislave_cu_apctrl_v1_0_S00_AXI_inst/axi_rdata_reg[31]
INFO: [Physopt 32-663] Processed net rp_bd_i/rp_bd_i/axislave_cu_apctrl_v1_0_0/inst/axislave_cu_apctrl_v1_0_S00_AXI_inst/s00_axi_rdata[3].  Re-placed instance rp_bd_i/rp_bd_i/axislave_cu_apctrl_v1_0_0/inst/axislave_cu_apctrl_v1_0_S00_AXI_inst/axi_rdata_reg[3]
INFO: [Physopt 32-663] Processed net rp_bd_i/rp_bd_i/axislave_cu_apctrl_v1_0_0/inst/axislave_cu_apctrl_v1_0_S00_AXI_inst/s00_axi_rdata[9].  Re-placed instance rp_bd_i/rp_bd_i/axislave_cu_apctrl_v1_0_0/inst/axislave_cu_apctrl_v1_0_S00_AXI_inst/axi_rdata_reg[9]
INFO: [Physopt 32-663] Processed net rp_bd_i/rp_bd_i/axislave_cu_apctrl_v1_0_0/inst/axislave_cu_apctrl_v1_0_S00_AXI_inst/array_len[1].  Re-placed instance rp_bd_i/rp_bd_i/axislave_cu_apctrl_v1_0_0/inst/axislave_cu_apctrl_v1_0_S00_AXI_inst/slv_reg4_reg[4]
INFO: [Physopt 32-663] Processed net rp_bd_i/rp_bd_i/axislave_cu_apctrl_v1_0_0/inst/axislave_cu_apctrl_v1_0_S00_AXI_inst/array_len[3].  Re-placed instance rp_bd_i/rp_bd_i/axislave_cu_apctrl_v1_0_0/inst/axislave_cu_apctrl_v1_0_S00_AXI_inst/slv_reg4_reg[6]
INFO: [Physopt 32-663] Processed net rp_bd_i/rp_bd_i/axislave_cu_apctrl_v1_0_0/inst/axislave_cu_apctrl_v1_0_S00_AXI_inst/array_len[2].  Re-placed instance rp_bd_i/rp_bd_i/axislave_cu_apctrl_v1_0_0/inst/axislave_cu_apctrl_v1_0_S00_AXI_inst/slv_reg4_reg[5]
INFO: [Physopt 32-663] Processed net rp_bd_i/rp_bd_i/axislave_cu_apctrl_v1_0_0/inst/axislave_cu_apctrl_v1_0_S00_AXI_inst/C_array_baseaddr[14].  Re-placed instance rp_bd_i/rp_bd_i/axislave_cu_apctrl_v1_0_0/inst/axislave_cu_apctrl_v1_0_S00_AXI_inst/slv_reg3_reg[19]
INFO: [Physopt 32-662] Processed net rp_bd_i/rp_bd_i/axislave_cu_apctrl_v1_0_0/inst/axislave_cu_apctrl_v1_0_S00_AXI_inst/A_array_baseaddr[11].  Did not re-place instance rp_bd_i/rp_bd_i/axislave_cu_apctrl_v1_0_0/inst/axislave_cu_apctrl_v1_0_S00_AXI_inst/slv_reg1_reg[16]
INFO: [Physopt 32-662] Processed net rp_bd_i/rp_bd_i/axislave_cu_apctrl_v1_0_0/inst/axislave_cu_apctrl_v1_0_S00_AXI_inst/array_len[15].  Did not re-place instance rp_bd_i/rp_bd_i/axislave_cu_apctrl_v1_0_0/inst/axislave_cu_apctrl_v1_0_S00_AXI_inst/slv_reg4_reg[18]
INFO: [Physopt 32-662] Processed net rp_bd_i/rp_bd_i/axislave_cu_apctrl_v1_0_0/inst/axislave_cu_apctrl_v1_0_S00_AXI_inst/A_array_baseaddr[2].  Did not re-place instance rp_bd_i/rp_bd_i/axislave_cu_apctrl_v1_0_0/inst/axislave_cu_apctrl_v1_0_S00_AXI_inst/slv_reg1_reg[7]
INFO: [Physopt 32-662] Processed net rp_bd_i/rp_bd_i/axislave_cu_apctrl_v1_0_0/inst/axislave_cu_apctrl_v1_0_S00_AXI_inst/A_array_baseaddr[0].  Did not re-place instance rp_bd_i/rp_bd_i/axislave_cu_apctrl_v1_0_0/inst/axislave_cu_apctrl_v1_0_S00_AXI_inst/slv_reg1_reg[5]
INFO: [Physopt 32-662] Processed net rp_bd_i/rp_bd_i/axislave_cu_apctrl_v1_0_0/inst/axislave_cu_apctrl_v1_0_S00_AXI_inst/B_array_baseaddr[18].  Did not re-place instance rp_bd_i/rp_bd_i/axislave_cu_apctrl_v1_0_0/inst/axislave_cu_apctrl_v1_0_S00_AXI_inst/slv_reg2_reg[23]
INFO: [Physopt 32-663] Processed net rp_bd_i/rp_bd_i/axislave_cu_apctrl_v1_0_0/inst/axislave_cu_apctrl_v1_0_S00_AXI_inst/A_array_baseaddr[7].  Re-placed instance rp_bd_i/rp_bd_i/axislave_cu_apctrl_v1_0_0/inst/axislave_cu_apctrl_v1_0_S00_AXI_inst/slv_reg1_reg[12]
INFO: [Physopt 32-663] Processed net rp_bd_i/rp_bd_i/axislave_cu_apctrl_v1_0_0/inst/axislave_cu_apctrl_v1_0_S00_AXI_inst/B_array_baseaddr[19].  Re-placed instance rp_bd_i/rp_bd_i/axislave_cu_apctrl_v1_0_0/inst/axislave_cu_apctrl_v1_0_S00_AXI_inst/slv_reg2_reg[24]
INFO: [Physopt 32-662] Processed net rp_bd_i/rp_bd_i/axislave_cu_apctrl_v1_0_0/inst/axislave_cu_apctrl_v1_0_S00_AXI_inst/A_array_baseaddr[16].  Did not re-place instance rp_bd_i/rp_bd_i/axislave_cu_apctrl_v1_0_0/inst/axislave_cu_apctrl_v1_0_S00_AXI_inst/slv_reg1_reg[21]
INFO: [Physopt 32-663] Processed net rp_bd_i/rp_bd_i/axislave_cu_apctrl_v1_0_0/inst/axislave_cu_apctrl_v1_0_S00_AXI_inst/A_array_baseaddr[4].  Re-placed instance rp_bd_i/rp_bd_i/axislave_cu_apctrl_v1_0_0/inst/axislave_cu_apctrl_v1_0_S00_AXI_inst/slv_reg1_reg[9]
INFO: [Physopt 32-663] Processed net rp_bd_i/rp_bd_i/axislave_cu_apctrl_v1_0_0/inst/axislave_cu_apctrl_v1_0_S00_AXI_inst/A_array_baseaddr[17].  Re-placed instance rp_bd_i/rp_bd_i/axislave_cu_apctrl_v1_0_0/inst/axislave_cu_apctrl_v1_0_S00_AXI_inst/slv_reg1_reg[22]
INFO: [Physopt 32-663] Processed net rp_bd_i/rp_bd_i/axislave_cu_apctrl_v1_0_0/inst/axislave_cu_apctrl_v1_0_S00_AXI_inst/C_array_baseaddr[11].  Re-placed instance rp_bd_i/rp_bd_i/axislave_cu_apctrl_v1_0_0/inst/axislave_cu_apctrl_v1_0_S00_AXI_inst/slv_reg3_reg[16]
INFO: [Physopt 32-662] Processed net rp_bd_i/rp_bd_i/axislave_cu_apctrl_v1_0_0/inst/axislave_cu_apctrl_v1_0_S00_AXI_inst/A_array_baseaddr[18].  Did not re-place instance rp_bd_i/rp_bd_i/axislave_cu_apctrl_v1_0_0/inst/axislave_cu_apctrl_v1_0_S00_AXI_inst/slv_reg1_reg[23]
INFO: [Physopt 32-663] Processed net rp_bd_i/rp_bd_i/axislave_cu_apctrl_v1_0_0/inst/axislave_cu_apctrl_v1_0_S00_AXI_inst/A_array_baseaddr[21].  Re-placed instance rp_bd_i/rp_bd_i/axislave_cu_apctrl_v1_0_0/inst/axislave_cu_apctrl_v1_0_S00_AXI_inst/slv_reg1_reg[26]
INFO: [Physopt 32-663] Processed net rp_bd_i/rp_bd_i/axislave_cu_apctrl_v1_0_0/inst/axislave_cu_apctrl_v1_0_S00_AXI_inst/B_array_baseaddr[24].  Re-placed instance rp_bd_i/rp_bd_i/axislave_cu_apctrl_v1_0_0/inst/axislave_cu_apctrl_v1_0_S00_AXI_inst/slv_reg2_reg[29]
INFO: [Physopt 32-663] Processed net rp_bd_i/rp_bd_i/axislave_cu_apctrl_v1_0_0/inst/axislave_cu_apctrl_v1_0_S00_AXI_inst/A_array_baseaddr[3].  Re-placed instance rp_bd_i/rp_bd_i/axislave_cu_apctrl_v1_0_0/inst/axislave_cu_apctrl_v1_0_S00_AXI_inst/slv_reg1_reg[8]
INFO: [Physopt 32-663] Processed net rp_bd_i/rp_bd_i/axislave_cu_apctrl_v1_0_0/inst/axislave_cu_apctrl_v1_0_S00_AXI_inst/A_array_baseaddr[10].  Re-placed instance rp_bd_i/rp_bd_i/axislave_cu_apctrl_v1_0_0/inst/axislave_cu_apctrl_v1_0_S00_AXI_inst/slv_reg1_reg[15]
INFO: [Physopt 32-663] Processed net rp_bd_i/rp_bd_i/axislave_cu_apctrl_v1_0_0/inst/axislave_cu_apctrl_v1_0_S00_AXI_inst/array_len[14].  Re-placed instance rp_bd_i/rp_bd_i/axislave_cu_apctrl_v1_0_0/inst/axislave_cu_apctrl_v1_0_S00_AXI_inst/slv_reg4_reg[17]
INFO: [Physopt 32-662] Processed net rp_bd_i/rp_bd_i/axislave_cu_apctrl_v1_0_0/inst/axislave_cu_apctrl_v1_0_S00_AXI_inst/B_array_baseaddr[16].  Did not re-place instance rp_bd_i/rp_bd_i/axislave_cu_apctrl_v1_0_0/inst/axislave_cu_apctrl_v1_0_S00_AXI_inst/slv_reg2_reg[21]
INFO: [Physopt 32-663] Processed net rp_bd_i/rp_bd_i/axislave_cu_apctrl_v1_0_0/inst/axislave_cu_apctrl_v1_0_S00_AXI_inst/A_array_baseaddr[22].  Re-placed instance rp_bd_i/rp_bd_i/axislave_cu_apctrl_v1_0_0/inst/axislave_cu_apctrl_v1_0_S00_AXI_inst/slv_reg1_reg[27]
INFO: [Physopt 32-662] Processed net rp_bd_i/rp_bd_i/axislave_cu_apctrl_v1_0_0/inst/axislave_cu_apctrl_v1_0_S00_AXI_inst/B_array_baseaddr[15].  Did not re-place instance rp_bd_i/rp_bd_i/axislave_cu_apctrl_v1_0_0/inst/axislave_cu_apctrl_v1_0_S00_AXI_inst/slv_reg2_reg[20]
INFO: [Physopt 32-663] Processed net rp_bd_i/rp_bd_i/axislave_cu_apctrl_v1_0_0/inst/axislave_cu_apctrl_v1_0_S00_AXI_inst/A_array_baseaddr[19].  Re-placed instance rp_bd_i/rp_bd_i/axislave_cu_apctrl_v1_0_0/inst/axislave_cu_apctrl_v1_0_S00_AXI_inst/slv_reg1_reg[24]
INFO: [Physopt 32-663] Processed net rp_bd_i/rp_bd_i/axislave_cu_apctrl_v1_0_0/inst/axislave_cu_apctrl_v1_0_S00_AXI_inst/C_array_baseaddr[12].  Re-placed instance rp_bd_i/rp_bd_i/axislave_cu_apctrl_v1_0_0/inst/axislave_cu_apctrl_v1_0_S00_AXI_inst/slv_reg3_reg[17]
INFO: [Physopt 32-662] Processed net rp_bd_i/rp_bd_i/axislave_cu_apctrl_v1_0_0/inst/axislave_cu_apctrl_v1_0_S00_AXI_inst/B_array_baseaddr[14].  Did not re-place instance rp_bd_i/rp_bd_i/axislave_cu_apctrl_v1_0_0/inst/axislave_cu_apctrl_v1_0_S00_AXI_inst/slv_reg2_reg[19]
INFO: [Physopt 32-663] Processed net rp_bd_i/rp_bd_i/axislave_cu_apctrl_v1_0_0/inst/axislave_cu_apctrl_v1_0_S00_AXI_inst/A_array_baseaddr[14].  Re-placed instance rp_bd_i/rp_bd_i/axislave_cu_apctrl_v1_0_0/inst/axislave_cu_apctrl_v1_0_S00_AXI_inst/slv_reg1_reg[19]
INFO: [Physopt 32-663] Processed net rp_bd_i/rp_bd_i/axislave_cu_apctrl_v1_0_0/inst/axislave_cu_apctrl_v1_0_S00_AXI_inst/A_array_baseaddr[12].  Re-placed instance rp_bd_i/rp_bd_i/axislave_cu_apctrl_v1_0_0/inst/axislave_cu_apctrl_v1_0_S00_AXI_inst/slv_reg1_reg[17]
INFO: [Physopt 32-663] Processed net rp_bd_i/rp_bd_i/axislave_cu_apctrl_v1_0_0/inst/axislave_cu_apctrl_v1_0_S00_AXI_inst/A_array_baseaddr[23].  Re-placed instance rp_bd_i/rp_bd_i/axislave_cu_apctrl_v1_0_0/inst/axislave_cu_apctrl_v1_0_S00_AXI_inst/slv_reg1_reg[28]
INFO: [Physopt 32-662] Processed net rp_bd_i/rp_bd_i/axislave_cu_apctrl_v1_0_0/inst/axislave_cu_apctrl_v1_0_S00_AXI_inst/A_array_baseaddr[24].  Did not re-place instance rp_bd_i/rp_bd_i/axislave_cu_apctrl_v1_0_0/inst/axislave_cu_apctrl_v1_0_S00_AXI_inst/slv_reg1_reg[29]
INFO: [Physopt 32-663] Processed net rp_bd_i/rp_bd_i/axislave_cu_apctrl_v1_0_0/inst/axislave_cu_apctrl_v1_0_S00_AXI_inst/B_array_baseaddr[2].  Re-placed instance rp_bd_i/rp_bd_i/axislave_cu_apctrl_v1_0_0/inst/axislave_cu_apctrl_v1_0_S00_AXI_inst/slv_reg2_reg[7]
INFO: [Physopt 32-662] Processed net rp_bd_i/rp_bd_i/axislave_cu_apctrl_v1_0_0/inst/axislave_cu_apctrl_v1_0_S00_AXI_inst/A_array_baseaddr[1].  Did not re-place instance rp_bd_i/rp_bd_i/axislave_cu_apctrl_v1_0_0/inst/axislave_cu_apctrl_v1_0_S00_AXI_inst/slv_reg1_reg[6]
INFO: [Physopt 32-663] Processed net rp_bd_i/rp_bd_i/axislave_cu_apctrl_v1_0_0/inst/axislave_cu_apctrl_v1_0_S00_AXI_inst/array_len[0].  Re-placed instance rp_bd_i/rp_bd_i/axislave_cu_apctrl_v1_0_0/inst/axislave_cu_apctrl_v1_0_S00_AXI_inst/slv_reg4_reg[3]
INFO: [Physopt 32-663] Processed net rp_bd_i/rp_bd_i/axislave_cu_apctrl_v1_0_0/inst/axislave_cu_apctrl_v1_0_S00_AXI_inst/A_array_baseaddr[15].  Re-placed instance rp_bd_i/rp_bd_i/axislave_cu_apctrl_v1_0_0/inst/axislave_cu_apctrl_v1_0_S00_AXI_inst/slv_reg1_reg[20]
INFO: [Physopt 32-662] Processed net rp_bd_i/rp_bd_i/axislave_cu_apctrl_v1_0_0/inst/axislave_cu_apctrl_v1_0_S00_AXI_inst/A_array_baseaddr[20].  Did not re-place instance rp_bd_i/rp_bd_i/axislave_cu_apctrl_v1_0_0/inst/axislave_cu_apctrl_v1_0_S00_AXI_inst/slv_reg1_reg[25]
INFO: [Physopt 32-663] Processed net rp_bd_i/rp_bd_i/axislave_cu_apctrl_v1_0_0/inst/axislave_cu_apctrl_v1_0_S00_AXI_inst/B_array_baseaddr[23].  Re-placed instance rp_bd_i/rp_bd_i/axislave_cu_apctrl_v1_0_0/inst/axislave_cu_apctrl_v1_0_S00_AXI_inst/slv_reg2_reg[28]
INFO: [Physopt 32-662] Processed net rp_bd_i/rp_bd_i/axislave_cu_apctrl_v1_0_0/inst/axislave_cu_apctrl_v1_0_S00_AXI_inst/A_array_baseaddr[26].  Did not re-place instance rp_bd_i/rp_bd_i/axislave_cu_apctrl_v1_0_0/inst/axislave_cu_apctrl_v1_0_S00_AXI_inst/slv_reg1_reg[31]
INFO: [Physopt 32-662] Processed net rp_bd_i/rp_bd_i/axislave_cu_apctrl_v1_0_0/inst/axislave_cu_apctrl_v1_0_S00_AXI_inst/A_array_baseaddr[13].  Did not re-place instance rp_bd_i/rp_bd_i/axislave_cu_apctrl_v1_0_0/inst/axislave_cu_apctrl_v1_0_S00_AXI_inst/slv_reg1_reg[18]
INFO: [Physopt 32-663] Processed net rp_bd_i/rp_bd_i/axislave_cu_apctrl_v1_0_0/inst/axislave_cu_apctrl_v1_0_S00_AXI_inst/B_array_baseaddr[25].  Re-placed instance rp_bd_i/rp_bd_i/axislave_cu_apctrl_v1_0_0/inst/axislave_cu_apctrl_v1_0_S00_AXI_inst/slv_reg2_reg[30]
INFO: [Physopt 32-663] Processed net rp_bd_i/rp_bd_i/axislave_cu_apctrl_v1_0_0/inst/axislave_cu_apctrl_v1_0_S00_AXI_inst/C_array_baseaddr[13].  Re-placed instance rp_bd_i/rp_bd_i/axislave_cu_apctrl_v1_0_0/inst/axislave_cu_apctrl_v1_0_S00_AXI_inst/slv_reg3_reg[18]
INFO: [Physopt 32-662] Processed net rp_bd_i/rp_bd_i/axislave_cu_apctrl_v1_0_0/inst/axislave_cu_apctrl_v1_0_S00_AXI_inst/B_array_baseaddr[12].  Did not re-place instance rp_bd_i/rp_bd_i/axislave_cu_apctrl_v1_0_0/inst/axislave_cu_apctrl_v1_0_S00_AXI_inst/slv_reg2_reg[17]
INFO: [Physopt 32-662] Processed net rp_bd_i/rp_bd_i/axislave_cu_apctrl_v1_0_0/inst/axislave_cu_apctrl_v1_0_S00_AXI_inst/B_array_baseaddr[17].  Did not re-place instance rp_bd_i/rp_bd_i/axislave_cu_apctrl_v1_0_0/inst/axislave_cu_apctrl_v1_0_S00_AXI_inst/slv_reg2_reg[22]
INFO: [Physopt 32-662] Processed net rp_bd_i/rp_bd_i/axislave_cu_apctrl_v1_0_0/inst/axislave_cu_apctrl_v1_0_S00_AXI_inst/array_len[13].  Did not re-place instance rp_bd_i/rp_bd_i/axislave_cu_apctrl_v1_0_0/inst/axislave_cu_apctrl_v1_0_S00_AXI_inst/slv_reg4_reg[16]
INFO: [Physopt 32-662] Processed net rp_bd_i/rp_bd_i/axislave_cu_apctrl_v1_0_0/inst/axislave_cu_apctrl_v1_0_S00_AXI_inst/B_array_baseaddr[11].  Did not re-place instance rp_bd_i/rp_bd_i/axislave_cu_apctrl_v1_0_0/inst/axislave_cu_apctrl_v1_0_S00_AXI_inst/slv_reg2_reg[16]
INFO: [Physopt 32-662] Processed net rp_bd_i/rp_bd_i/axislave_cu_apctrl_v1_0_0/inst/axislave_cu_apctrl_v1_0_S00_AXI_inst/A_array_baseaddr[25].  Did not re-place instance rp_bd_i/rp_bd_i/axislave_cu_apctrl_v1_0_0/inst/axislave_cu_apctrl_v1_0_S00_AXI_inst/slv_reg1_reg[30]
INFO: [Physopt 32-663] Processed net rp_bd_i/rp_bd_i/axislave_cu_apctrl_v1_0_0/inst/axislave_cu_apctrl_v1_0_S00_AXI_inst/array_len[6].  Re-placed instance rp_bd_i/rp_bd_i/axislave_cu_apctrl_v1_0_0/inst/axislave_cu_apctrl_v1_0_S00_AXI_inst/slv_reg4_reg[9]
INFO: [Physopt 32-662] Processed net rp_bd_i/rp_bd_i/axislave_cu_apctrl_v1_0_0/inst/axislave_cu_apctrl_v1_0_S00_AXI_inst/B_array_baseaddr[13].  Did not re-place instance rp_bd_i/rp_bd_i/axislave_cu_apctrl_v1_0_0/inst/axislave_cu_apctrl_v1_0_S00_AXI_inst/slv_reg2_reg[18]
INFO: [Physopt 32-662] Processed net rp_bd_i/rp_bd_i/axislave_cu_apctrl_v1_0_0/inst/axislave_cu_apctrl_v1_0_S00_AXI_inst/slv_reg7_reg_n_2_[27].  Did not re-place instance rp_bd_i/rp_bd_i/axislave_cu_apctrl_v1_0_0/inst/axislave_cu_apctrl_v1_0_S00_AXI_inst/slv_reg7_reg[27]
INFO: [Physopt 32-663] Processed net rp_bd_i/rp_bd_i/axislave_cu_apctrl_v1_0_0/inst/axislave_cu_apctrl_v1_0_S00_AXI_inst/array_len[12].  Re-placed instance rp_bd_i/rp_bd_i/axislave_cu_apctrl_v1_0_0/inst/axislave_cu_apctrl_v1_0_S00_AXI_inst/slv_reg4_reg[15]
INFO: [Physopt 32-663] Processed net rp_bd_i/rp_bd_i/axislave_cu_apctrl_v1_0_0/inst/axislave_cu_apctrl_v1_0_S00_AXI_inst/array_len[8].  Re-placed instance rp_bd_i/rp_bd_i/axislave_cu_apctrl_v1_0_0/inst/axislave_cu_apctrl_v1_0_S00_AXI_inst/slv_reg4_reg[11]
INFO: [Physopt 32-662] Processed net rp_bd_i/rp_bd_i/axislave_cu_apctrl_v1_0_0/inst/axislave_cu_apctrl_v1_0_S00_AXI_inst/slv_reg7_reg_n_2_[30].  Did not re-place instance rp_bd_i/rp_bd_i/axislave_cu_apctrl_v1_0_0/inst/axislave_cu_apctrl_v1_0_S00_AXI_inst/slv_reg7_reg[30]
INFO: [Physopt 32-662] Processed net rp_bd_i/rp_bd_i/axislave_cu_apctrl_v1_0_0/inst/axislave_cu_apctrl_v1_0_S00_AXI_inst/slv_reg7_reg_n_2_[31].  Did not re-place instance rp_bd_i/rp_bd_i/axislave_cu_apctrl_v1_0_0/inst/axislave_cu_apctrl_v1_0_S00_AXI_inst/slv_reg7_reg[31]
INFO: [Physopt 32-662] Processed net rp_bd_i/rp_bd_i/axislave_cu_apctrl_v1_0_0/inst/axislave_cu_apctrl_v1_0_S00_AXI_inst/slv_reg7_reg_n_2_[20].  Did not re-place instance rp_bd_i/rp_bd_i/axislave_cu_apctrl_v1_0_0/inst/axislave_cu_apctrl_v1_0_S00_AXI_inst/slv_reg7_reg[20]
INFO: [Physopt 32-663] Processed net rp_bd_i/rp_bd_i/axislave_cu_apctrl_v1_0_0/inst/axislave_cu_apctrl_v1_0_S00_AXI_inst/slv_reg7_reg_n_2_[3].  Re-placed instance rp_bd_i/rp_bd_i/axislave_cu_apctrl_v1_0_0/inst/axislave_cu_apctrl_v1_0_S00_AXI_inst/slv_reg7_reg[3]
INFO: [Physopt 32-662] Processed net rp_bd_i/rp_bd_i/axislave_cu_apctrl_v1_0_0/inst/axislave_cu_apctrl_v1_0_S00_AXI_inst/slv_reg7_reg_n_2_[24].  Did not re-place instance rp_bd_i/rp_bd_i/axislave_cu_apctrl_v1_0_0/inst/axislave_cu_apctrl_v1_0_S00_AXI_inst/slv_reg7_reg[24]
INFO: [Physopt 32-663] Processed net rp_bd_i/rp_bd_i/axislave_cu_apctrl_v1_0_0/inst/axislave_cu_apctrl_v1_0_S00_AXI_inst/slv_reg2_reg_n_2_[0].  Re-placed instance rp_bd_i/rp_bd_i/axislave_cu_apctrl_v1_0_0/inst/axislave_cu_apctrl_v1_0_S00_AXI_inst/slv_reg2_reg[0]
INFO: [Physopt 32-662] Processed net rp_bd_i/rp_bd_i/axislave_cu_apctrl_v1_0_0/inst/axislave_cu_apctrl_v1_0_S00_AXI_inst/slv_reg7_reg_n_2_[25].  Did not re-place instance rp_bd_i/rp_bd_i/axislave_cu_apctrl_v1_0_0/inst/axislave_cu_apctrl_v1_0_S00_AXI_inst/slv_reg7_reg[25]
INFO: [Physopt 32-663] Processed net rp_bd_i/rp_bd_i/axislave_cu_apctrl_v1_0_0/inst/axislave_cu_apctrl_v1_0_S00_AXI_inst/slv_reg7_reg_n_2_[7].  Re-placed instance rp_bd_i/rp_bd_i/axislave_cu_apctrl_v1_0_0/inst/axislave_cu_apctrl_v1_0_S00_AXI_inst/slv_reg7_reg[7]
INFO: [Physopt 32-663] Processed net rp_bd_i/rp_bd_i/axislave_cu_apctrl_v1_0_0/inst/axislave_cu_apctrl_v1_0_S00_AXI_inst/slv_reg7_reg_n_2_[1].  Re-placed instance rp_bd_i/rp_bd_i/axislave_cu_apctrl_v1_0_0/inst/axislave_cu_apctrl_v1_0_S00_AXI_inst/slv_reg7_reg[1]
INFO: [Physopt 32-663] Processed net rp_bd_i/rp_bd_i/axislave_cu_apctrl_v1_0_0/inst/axislave_cu_apctrl_v1_0_S00_AXI_inst/slv_reg7_reg_n_2_[5].  Re-placed instance rp_bd_i/rp_bd_i/axislave_cu_apctrl_v1_0_0/inst/axislave_cu_apctrl_v1_0_S00_AXI_inst/slv_reg7_reg[5]
INFO: [Physopt 32-661] Optimized 53 nets.  Re-placed 53 instances.
INFO: [Physopt 32-619] Estimated Timing Summary | WNS=-0.487 | TNS=-100.892 |
Netlist sorting complete. Time (s): cpu = 00:00:00.20 ; elapsed = 00:00:00.20 . Memory (MB): peak = 4420.508 ; gain = 0.000 ; free physical = 50939 ; free virtual = 85071
Phase 3 Placement Based Optimization | Checksum: 1aabfdd75

Time (s): cpu = 00:02:47 ; elapsed = 00:01:18 . Memory (MB): peak = 4420.508 ; gain = 0.000 ; free physical = 50939 ; free virtual = 85071

Phase 4 Rewire
INFO: [Physopt 32-246] Starting Signal Push optimization...
INFO: [Physopt 32-197] Pass 1. Identified 1 candidate net for rewire optimization.
INFO: [Physopt 32-134] Processed net rp_bd_i/rp_bd_i/axislave_cu_apctrl_v1_0_0/inst/axislave_cu_apctrl_v1_0_S00_AXI_inst/slv_reg3[7]_i_1_n_2. Rewiring did not optimize the net.
INFO: [Physopt 32-29] End Pass 1. Optimized 0 net. Created 0 new instance.

INFO: [Physopt 32-238] Finished Signal Push optimization...

Netlist sorting complete. Time (s): cpu = 00:00:00.20 ; elapsed = 00:00:00.20 . Memory (MB): peak = 4420.508 ; gain = 0.000 ; free physical = 50939 ; free virtual = 85071
Phase 4 Rewire | Checksum: 1aabfdd75

Time (s): cpu = 00:02:48 ; elapsed = 00:01:19 . Memory (MB): peak = 4420.508 ; gain = 0.000 ; free physical = 50939 ; free virtual = 85071

Phase 5 Critical Cell Optimization
INFO: [Physopt 32-46] Identified 42 candidate nets for critical-cell optimization.
INFO: [Physopt 32-572] Net rp_bd_i/rp_bd_i/axislave_cu_apctrl_v1_0_0/inst/axislave_cu_apctrl_v1_0_S00_AXI_inst/slv_reg3[31]_i_2_n_2 was not replicated.
Resolution: phys_opt_design can be forced to replicate a net driver using the option -force_replication_on_nets <list of net objects>.
INFO: [Physopt 32-572] Net rp_bd_i/rp_bd_i/axislave_cu_apctrl_v1_0_0/inst/axislave_cu_apctrl_v1_0_S00_AXI_inst/slv_reg3[7]_i_1_n_2 was not replicated.
Resolution: phys_opt_design can be forced to replicate a net driver using the option -force_replication_on_nets <list of net objects>.
INFO: [Physopt 32-572] Net rp_bd_i/rp_bd_i/axislave_cu_apctrl_v1_0_0/inst/axislave_cu_apctrl_v1_0_S00_AXI_inst/slv_reg7[31]_i_1_n_2 was not replicated.
Resolution: phys_opt_design can be forced to replicate a net driver using the option -force_replication_on_nets <list of net objects>.
INFO: [Physopt 32-572] Net rp_bd_i/rp_bd_i/axislave_cu_apctrl_v1_0_0/inst/axislave_cu_apctrl_v1_0_S00_AXI_inst/slv_reg1[31]_i_6_n_2 was not replicated.
Resolution: phys_opt_design can be forced to replicate a net driver using the option -force_replication_on_nets <list of net objects>.
INFO: [Physopt 32-572] Net rp_bd_i/rp_bd_i/axislave_cu_apctrl_v1_0_0/inst/axislave_cu_apctrl_v1_0_S00_AXI_inst/slv_reg5[31]_i_1_n_2 was not replicated.
Resolution: phys_opt_design can be forced to replicate a net driver using the option -force_replication_on_nets <list of net objects>.
INFO: [Physopt 32-572] Net rp_bd_i/rp_bd_i/axislave_cu_apctrl_v1_0_0/inst/axislave_cu_apctrl_v1_0_S00_AXI_inst/slv_reg1[31]_i_1_n_2 was not replicated.
Resolution: phys_opt_design can be forced to replicate a net driver using the option -force_replication_on_nets <list of net objects>.
INFO: [Physopt 32-572] Net rp_bd_i/rp_bd_i/axislave_cu_apctrl_v1_0_0/inst/axislave_cu_apctrl_v1_0_S00_AXI_inst/slv_reg7[7]_i_1_n_2 was not replicated.
Resolution: phys_opt_design can be forced to replicate a net driver using the option -force_replication_on_nets <list of net objects>.
INFO: [Physopt 32-572] Net rp_bd_i/rp_bd_i/axislave_cu_apctrl_v1_0_0/inst/axislave_cu_apctrl_v1_0_S00_AXI_inst/slv_reg5[23]_i_1_n_2 was not replicated.
Resolution: phys_opt_design can be forced to replicate a net driver using the option -force_replication_on_nets <list of net objects>.
INFO: [Physopt 32-572] Net rp_bd_i/rp_bd_i/axislave_cu_apctrl_v1_0_0/inst/axislave_cu_apctrl_v1_0_S00_AXI_inst/slv_reg5[7]_i_1_n_2 was not replicated.
Resolution: phys_opt_design can be forced to replicate a net driver using the option -force_replication_on_nets <list of net objects>.
INFO: [Physopt 32-572] Net rp_bd_i/rp_bd_i/axislave_cu_apctrl_v1_0_0/inst/axislave_cu_apctrl_v1_0_S00_AXI_inst/slv_reg5[15]_i_1_n_2 was not replicated.
Resolution: phys_opt_design can be forced to replicate a net driver using the option -force_replication_on_nets <list of net objects>.
INFO: [Physopt 32-572] Net rp_bd_i/rp_bd_i/axislave_cu_apctrl_v1_0_0/inst/axislave_cu_apctrl_v1_0_S00_AXI_inst/slv_reg1[23]_i_1_n_2 was not replicated.
Resolution: phys_opt_design can be forced to replicate a net driver using the option -force_replication_on_nets <list of net objects>.
INFO: [Physopt 32-572] Net rp_bd_i/rp_bd_i/axislave_cu_apctrl_v1_0_0/inst/axislave_cu_apctrl_v1_0_S00_AXI_inst/p_1_in[7] was not replicated.
Resolution: phys_opt_design can be forced to replicate a net driver using the option -force_replication_on_nets <list of net objects>.
INFO: [Physopt 32-81] Processed net rp_bd_i/rp_bd_i/axislave_cu_apctrl_v1_0_0/inst/axislave_cu_apctrl_v1_0_S00_AXI_inst/slv_reg4[7]_i_2_n_2. Replicated 1 times.
INFO: [Physopt 32-572] Net rp_bd_i/rp_bd_i/axislave_cu_apctrl_v1_0_0/inst/axislave_cu_apctrl_v1_0_S00_AXI_inst/p_1_in[23] was not replicated.
Resolution: phys_opt_design can be forced to replicate a net driver using the option -force_replication_on_nets <list of net objects>.
INFO: [Physopt 32-572] Net rp_bd_i/rp_bd_i/axislave_cu_apctrl_v1_0_0/inst/axislave_cu_apctrl_v1_0_S00_AXI_inst/slv_reg4[18]_i_2_n_2 was not replicated.
Resolution: phys_opt_design can be forced to replicate a net driver using the option -force_replication_on_nets <list of net objects>.
INFO: [Physopt 32-572] Net rp_bd_i/rp_bd_i/axislave_cu_apctrl_v1_0_0/inst/axislave_cu_apctrl_v1_0_S00_AXI_inst/slv_reg4[31]_i_1_n_2 was not replicated.
Resolution: phys_opt_design can be forced to replicate a net driver using the option -force_replication_on_nets <list of net objects>.
INFO: [Physopt 32-601] Processed net rp_bd_i/rp_bd_i/axislave_cu_apctrl_v1_0_0/inst/axislave_cu_apctrl_v1_0_S00_AXI_inst/slv_reg0[31]_i_2_n_2. Net driver rp_bd_i/rp_bd_i/axislave_cu_apctrl_v1_0_0/inst/axislave_cu_apctrl_v1_0_S00_AXI_inst/slv_reg0[31]_i_2 was replaced.
INFO: [Physopt 32-572] Net rp_bd_i/rp_bd_i/axislave_cu_apctrl_v1_0_0/inst/axislave_cu_apctrl_v1_0_S00_AXI_inst/slv_reg3[23]_i_1_n_2 was not replicated.
Resolution: phys_opt_design can be forced to replicate a net driver using the option -force_replication_on_nets <list of net objects>.
INFO: [Physopt 32-572] Net rp_bd_i/rp_bd_i/axislave_cu_apctrl_v1_0_0/inst/axislave_cu_apctrl_v1_0_S00_AXI_inst/slv_reg7[23]_i_1_n_2 was not replicated.
Resolution: phys_opt_design can be forced to replicate a net driver using the option -force_replication_on_nets <list of net objects>.
INFO: [Physopt 32-572] Net rp_bd_i/rp_bd_i/axislave_cu_apctrl_v1_0_0/inst/axislave_cu_apctrl_v1_0_S00_AXI_inst/slv_reg6[23]_i_1_n_2 was not replicated.
Resolution: phys_opt_design can be forced to replicate a net driver using the option -force_replication_on_nets <list of net objects>.
INFO: [Physopt 32-572] Net rp_bd_i/rp_bd_i/axislave_cu_apctrl_v1_0_0/inst/axislave_cu_apctrl_v1_0_S00_AXI_inst/slv_reg2[23]_i_2_n_2 was not replicated.
Resolution: phys_opt_design can be forced to replicate a net driver using the option -force_replication_on_nets <list of net objects>.
INFO: [Physopt 32-572] Net rp_bd_i/rp_bd_i/axislave_cu_apctrl_v1_0_0/inst/axislave_cu_apctrl_v1_0_S00_AXI_inst/p_1_in[15] was not replicated.
Resolution: phys_opt_design can be forced to replicate a net driver using the option -force_replication_on_nets <list of net objects>.
INFO: [Physopt 32-572] Net rp_bd_i/rp_bd_i/axislave_cu_apctrl_v1_0_0/inst/axislave_cu_apctrl_v1_0_S00_AXI_inst/slv_reg4[15]_i_2_n_2 was not replicated.
Resolution: phys_opt_design can be forced to replicate a net driver using the option -force_replication_on_nets <list of net objects>.
INFO: [Physopt 32-81] Processed net rp_bd_i/rp_bd_i/axislave_cu_apctrl_v1_0_0/inst/axislave_cu_apctrl_v1_0_S00_AXI_inst/axi_awready0. Replicated 3 times.
INFO: [Physopt 32-572] Net rp_bd_i/rp_bd_i/axislave_cu_apctrl_v1_0_0/inst/axislave_cu_apctrl_v1_0_S00_AXI_inst/slv_reg4[7]_i_1_n_2 was not replicated.
Resolution: phys_opt_design can be forced to replicate a net driver using the option -force_replication_on_nets <list of net objects>.
INFO: [Physopt 32-572] Net rp_bd_i/rp_bd_i/axislave_cu_apctrl_v1_0_0/inst/axislave_cu_apctrl_v1_0_S00_AXI_inst/slv_reg_rden__0_repN was not replicated.
Resolution: phys_opt_design can be forced to replicate a net driver using the option -force_replication_on_nets <list of net objects>.
INFO: [Physopt 32-572] Net rp_bd_i/rp_bd_i/axislave_cu_apctrl_v1_0_0/inst/axislave_cu_apctrl_v1_0_S00_AXI_inst/slv_reg1[15]_i_1_n_2 was not replicated.
Resolution: phys_opt_design can be forced to replicate a net driver using the option -force_replication_on_nets <list of net objects>.
INFO: [Physopt 32-572] Net rp_bd_i/rp_bd_i/axislave_cu_apctrl_v1_0_0/inst/axislave_cu_apctrl_v1_0_S00_AXI_inst/slv_reg6[15]_i_1_n_2 was not replicated.
Resolution: phys_opt_design can be forced to replicate a net driver using the option -force_replication_on_nets <list of net objects>.
INFO: [Physopt 32-572] Net rp_bd_i/rp_bd_i/axislave_cu_apctrl_v1_0_0/inst/axislave_cu_apctrl_v1_0_S00_AXI_inst/p_1_in[31] was not replicated.
Resolution: phys_opt_design can be forced to replicate a net driver using the option -force_replication_on_nets <list of net objects>.
INFO: [Physopt 32-572] Net rp_bd_i/rp_bd_i/axislave_cu_apctrl_v1_0_0/inst/axislave_cu_apctrl_v1_0_S00_AXI_inst/slv_reg4[18]_i_1_n_2 was not replicated.
Resolution: phys_opt_design can be forced to replicate a net driver using the option -force_replication_on_nets <list of net objects>.
INFO: [Physopt 32-572] Net rp_bd_i/rp_bd_i/axislave_cu_apctrl_v1_0_0/inst/axislave_cu_apctrl_v1_0_S00_AXI_inst/slv_reg4[15]_i_1_n_2 was not replicated.
Resolution: phys_opt_design can be forced to replicate a net driver using the option -force_replication_on_nets <list of net objects>.
INFO: [Physopt 32-572] Net rp_bd_i/rp_bd_i/axislave_cu_apctrl_v1_0_0/inst/axislave_cu_apctrl_v1_0_S00_AXI_inst/slv_reg2[7]_i_1_n_2 was not replicated.
Resolution: phys_opt_design can be forced to replicate a net driver using the option -force_replication_on_nets <list of net objects>.
INFO: [Physopt 32-572] Net rp_bd_i/rp_bd_i/axislave_cu_apctrl_v1_0_0/inst/axislave_cu_apctrl_v1_0_S00_AXI_inst/slv_reg2[7]_i_2_n_2 was not replicated.
Resolution: phys_opt_design can be forced to replicate a net driver using the option -force_replication_on_nets <list of net objects>.
INFO: [Physopt 32-81] Processed net rp_bd_i/rp_bd_i/axislave_cu_apctrl_v1_0_0/inst/axislave_cu_apctrl_v1_0_S00_AXI_inst/slv_reg6[7]_i_1_n_2. Replicated 1 times.
INFO: [Physopt 32-572] Net rp_bd_i/rp_bd_i/axislave_cu_apctrl_v1_0_0/inst/axislave_cu_apctrl_v1_0_S00_AXI_inst/slv_reg2[15]_i_1_n_2 was not replicated.
Resolution: phys_opt_design can be forced to replicate a net driver using the option -force_replication_on_nets <list of net objects>.
INFO: [Physopt 32-572] Net rp_bd_i/rp_bd_i/axislave_cu_apctrl_v1_0_0/inst/axislave_cu_apctrl_v1_0_S00_AXI_inst/slv_reg6[31]_i_1_n_2 was not replicated.
Resolution: phys_opt_design can be forced to replicate a net driver using the option -force_replication_on_nets <list of net objects>.
INFO: [Physopt 32-572] Net rp_bd_i/rp_bd_i/axislave_cu_apctrl_v1_0_0/inst/axislave_cu_apctrl_v1_0_S00_AXI_inst/slv_reg2[31]_i_2_n_2 was not replicated.
Resolution: phys_opt_design can be forced to replicate a net driver using the option -force_replication_on_nets <list of net objects>.
INFO: [Physopt 32-572] Net rp_bd_i/rp_bd_i/axislave_cu_apctrl_v1_0_0/inst/axislave_cu_apctrl_v1_0_S00_AXI_inst/axi_arready_i_1_n_2 was not replicated.
Resolution: phys_opt_design can be forced to replicate a net driver using the option -force_replication_on_nets <list of net objects>.
INFO: [Physopt 32-572] Net rp_bd_i/rp_bd_i/axislave_cu_apctrl_v1_0_0/inst/axislave_cu_apctrl_v1_0_S00_AXI_inst/slv_reg1[7]_i_1_n_2 was not replicated.
Resolution: phys_opt_design can be forced to replicate a net driver using the option -force_replication_on_nets <list of net objects>.
INFO: [Physopt 32-572] Net rp_bd_i/rp_bd_i/axislave_cu_apctrl_v1_0_0/inst/axislave_cu_apctrl_v1_0_S00_AXI_inst/slv_reg2[31]_i_1_n_2 was not replicated.
Resolution: phys_opt_design can be forced to replicate a net driver using the option -force_replication_on_nets <list of net objects>.
INFO: [Physopt 32-232] Optimized 4 nets. Created 5 new instances.
INFO: [Physopt 32-619] Estimated Timing Summary | WNS=-0.487 | TNS=-99.334 |
Netlist sorting complete. Time (s): cpu = 00:00:00.21 ; elapsed = 00:00:00.21 . Memory (MB): peak = 4420.508 ; gain = 0.000 ; free physical = 50939 ; free virtual = 85071
Phase 5 Critical Cell Optimization | Checksum: 162fdd1a4

Time (s): cpu = 00:03:28 ; elapsed = 00:01:44 . Memory (MB): peak = 4420.508 ; gain = 0.000 ; free physical = 50939 ; free virtual = 85071

Phase 6 DSP Register Optimization
INFO: [Physopt 32-456] No candidate cells for DSP register optimization found in the design.
Phase 6 DSP Register Optimization | Checksum: 162fdd1a4

Time (s): cpu = 00:03:29 ; elapsed = 00:01:45 . Memory (MB): peak = 4420.508 ; gain = 0.000 ; free physical = 50939 ; free virtual = 85071

Phase 7 BRAM Register Optimization
WARNING: [Physopt 32-742] BRAM Flop Optimization: Bram rp_bd_i/rp_bd_i/axi_bram_ctrl_0_bram/U0/inst_blk_mem_gen/gnbram.gnative_mem_map_bmg.native_mem_map_blk_mem_gen/valid.cstr/ramloop[0].ram.r/prim_noinit.ram/DEVICE_8SERIES.WITH_BMM_INFO.TRUE_DP.SIMPLE_PRIM36.SERIES8_TDP_SP36_NO_ECC_ATTR.ram port A has no connection. Skip packing
WARNING: [Physopt 32-742] BRAM Flop Optimization: Bram rp_bd_i/rp_bd_i/axi_bram_ctrl_0_bram/U0/inst_blk_mem_gen/gnbram.gnative_mem_map_bmg.native_mem_map_blk_mem_gen/valid.cstr/ramloop[10].ram.r/prim_noinit.ram/DEVICE_8SERIES.WITH_BMM_INFO.TRUE_DP.SIMPLE_PRIM36.SERIES8_TDP_SP36_NO_ECC_ATTR.ram port A has no connection. Skip packing
WARNING: [Physopt 32-742] BRAM Flop Optimization: Bram rp_bd_i/rp_bd_i/axi_bram_ctrl_0_bram/U0/inst_blk_mem_gen/gnbram.gnative_mem_map_bmg.native_mem_map_blk_mem_gen/valid.cstr/ramloop[11].ram.r/prim_noinit.ram/DEVICE_8SERIES.WITH_BMM_INFO.TRUE_DP.SIMPLE_PRIM36.SERIES8_TDP_SP36_NO_ECC_ATTR.ram port A has no connection. Skip packing
WARNING: [Physopt 32-742] BRAM Flop Optimization: Bram rp_bd_i/rp_bd_i/axi_bram_ctrl_0_bram/U0/inst_blk_mem_gen/gnbram.gnative_mem_map_bmg.native_mem_map_blk_mem_gen/valid.cstr/ramloop[12].ram.r/prim_noinit.ram/DEVICE_8SERIES.WITH_BMM_INFO.TRUE_DP.SIMPLE_PRIM36.SERIES8_TDP_SP36_NO_ECC_ATTR.ram port A has no connection. Skip packing
WARNING: [Physopt 32-742] BRAM Flop Optimization: Bram rp_bd_i/rp_bd_i/axi_bram_ctrl_0_bram/U0/inst_blk_mem_gen/gnbram.gnative_mem_map_bmg.native_mem_map_blk_mem_gen/valid.cstr/ramloop[13].ram.r/prim_noinit.ram/DEVICE_8SERIES.WITH_BMM_INFO.TRUE_DP.SIMPLE_PRIM36.SERIES8_TDP_SP36_NO_ECC_ATTR.ram port A has no connection. Skip packing
WARNING: [Physopt 32-742] BRAM Flop Optimization: Bram rp_bd_i/rp_bd_i/axi_bram_ctrl_0_bram/U0/inst_blk_mem_gen/gnbram.gnative_mem_map_bmg.native_mem_map_blk_mem_gen/valid.cstr/ramloop[14].ram.r/prim_noinit.ram/DEVICE_8SERIES.WITH_BMM_INFO.TRUE_DP.SIMPLE_PRIM36.SERIES8_TDP_SP36_NO_ECC_ATTR.ram port A has no connection. Skip packing
WARNING: [Physopt 32-742] BRAM Flop Optimization: Bram rp_bd_i/rp_bd_i/axi_bram_ctrl_0_bram/U0/inst_blk_mem_gen/gnbram.gnative_mem_map_bmg.native_mem_map_blk_mem_gen/valid.cstr/ramloop[15].ram.r/prim_noinit.ram/DEVICE_8SERIES.WITH_BMM_INFO.TRUE_DP.SIMPLE_PRIM36.SERIES8_TDP_SP36_NO_ECC_ATTR.ram port A has no connection. Skip packing
WARNING: [Physopt 32-742] BRAM Flop Optimization: Bram rp_bd_i/rp_bd_i/axi_bram_ctrl_0_bram/U0/inst_blk_mem_gen/gnbram.gnative_mem_map_bmg.native_mem_map_blk_mem_gen/valid.cstr/ramloop[1].ram.r/prim_noinit.ram/DEVICE_8SERIES.WITH_BMM_INFO.TRUE_DP.SIMPLE_PRIM36.SERIES8_TDP_SP36_NO_ECC_ATTR.ram port A has no connection. Skip packing
WARNING: [Physopt 32-742] BRAM Flop Optimization: Bram rp_bd_i/rp_bd_i/axi_bram_ctrl_0_bram/U0/inst_blk_mem_gen/gnbram.gnative_mem_map_bmg.native_mem_map_blk_mem_gen/valid.cstr/ramloop[2].ram.r/prim_noinit.ram/DEVICE_8SERIES.WITH_BMM_INFO.TRUE_DP.SIMPLE_PRIM36.SERIES8_TDP_SP36_NO_ECC_ATTR.ram port A has no connection. Skip packing
WARNING: [Physopt 32-742] BRAM Flop Optimization: Bram rp_bd_i/rp_bd_i/axi_bram_ctrl_0_bram/U0/inst_blk_mem_gen/gnbram.gnative_mem_map_bmg.native_mem_map_blk_mem_gen/valid.cstr/ramloop[3].ram.r/prim_noinit.ram/DEVICE_8SERIES.WITH_BMM_INFO.TRUE_DP.SIMPLE_PRIM36.SERIES8_TDP_SP36_NO_ECC_ATTR.ram port A has no connection. Skip packing
WARNING: [Physopt 32-742] BRAM Flop Optimization: Bram rp_bd_i/rp_bd_i/axi_bram_ctrl_0_bram/U0/inst_blk_mem_gen/gnbram.gnative_mem_map_bmg.native_mem_map_blk_mem_gen/valid.cstr/ramloop[4].ram.r/prim_noinit.ram/DEVICE_8SERIES.WITH_BMM_INFO.TRUE_DP.SIMPLE_PRIM36.SERIES8_TDP_SP36_NO_ECC_ATTR.ram port A has no connection. Skip packing
WARNING: [Physopt 32-742] BRAM Flop Optimization: Bram rp_bd_i/rp_bd_i/axi_bram_ctrl_0_bram/U0/inst_blk_mem_gen/gnbram.gnative_mem_map_bmg.native_mem_map_blk_mem_gen/valid.cstr/ramloop[5].ram.r/prim_noinit.ram/DEVICE_8SERIES.WITH_BMM_INFO.TRUE_DP.SIMPLE_PRIM36.SERIES8_TDP_SP36_NO_ECC_ATTR.ram port A has no connection. Skip packing
WARNING: [Physopt 32-742] BRAM Flop Optimization: Bram rp_bd_i/rp_bd_i/axi_bram_ctrl_0_bram/U0/inst_blk_mem_gen/gnbram.gnative_mem_map_bmg.native_mem_map_blk_mem_gen/valid.cstr/ramloop[6].ram.r/prim_noinit.ram/DEVICE_8SERIES.WITH_BMM_INFO.TRUE_DP.SIMPLE_PRIM36.SERIES8_TDP_SP36_NO_ECC_ATTR.ram port A has no connection. Skip packing
WARNING: [Physopt 32-742] BRAM Flop Optimization: Bram rp_bd_i/rp_bd_i/axi_bram_ctrl_0_bram/U0/inst_blk_mem_gen/gnbram.gnative_mem_map_bmg.native_mem_map_blk_mem_gen/valid.cstr/ramloop[7].ram.r/prim_noinit.ram/DEVICE_8SERIES.WITH_BMM_INFO.TRUE_DP.SIMPLE_PRIM36.SERIES8_TDP_SP36_NO_ECC_ATTR.ram port A has no connection. Skip packing
WARNING: [Physopt 32-742] BRAM Flop Optimization: Bram rp_bd_i/rp_bd_i/axi_bram_ctrl_0_bram/U0/inst_blk_mem_gen/gnbram.gnative_mem_map_bmg.native_mem_map_blk_mem_gen/valid.cstr/ramloop[8].ram.r/prim_noinit.ram/DEVICE_8SERIES.WITH_BMM_INFO.TRUE_DP.SIMPLE_PRIM36.SERIES8_TDP_SP36_NO_ECC_ATTR.ram port A has no connection. Skip packing
WARNING: [Physopt 32-742] BRAM Flop Optimization: Bram rp_bd_i/rp_bd_i/axi_bram_ctrl_0_bram/U0/inst_blk_mem_gen/gnbram.gnative_mem_map_bmg.native_mem_map_blk_mem_gen/valid.cstr/ramloop[9].ram.r/prim_noinit.ram/DEVICE_8SERIES.WITH_BMM_INFO.TRUE_DP.SIMPLE_PRIM36.SERIES8_TDP_SP36_NO_ECC_ATTR.ram port A has no connection. Skip packing
WARNING: [Physopt 32-742] BRAM Flop Optimization: Bram rp_bd_i/rp_bd_i/example_0/inst/buff_V_U/example_buff_a_ram_U/ram_reg_7 port B has no connection. Skip packing
WARNING: [Physopt 32-742] BRAM Flop Optimization: Bram rp_bd_i/rp_bd_i/example_0/inst/buff_a_U/example_buff_a_ram_U/ram_reg_7 port B has no connection. Skip packing
WARNING: [Physopt 32-742] BRAM Flop Optimization: Bram rp_bd_i/rp_bd_i/example_0/inst/buff_b_U/example_buff_a_ram_U/ram_reg_7 port B has no connection. Skip packing
WARNING: [Physopt 32-742] BRAM Flop Optimization: Bram rp_bd_i/rp_bd_i/system_ila2/inst/ila_lib/inst/ila_core_inst/ila_trace_memory_inst/SUBCORE_RAM_BLK_MEM_1.trace_block_memory/inst_blk_mem_gen/gnbram.gnativebmg.native_blk_mem_gen/valid.cstr/ramloop[0].ram.r/prim_noinit.ram/DEVICE_8SERIES.NO_BMM_INFO.SDP.SIMPLE_PRIM36.ram port A has no connection. Skip unpacking
WARNING: [Physopt 32-742] BRAM Flop Optimization: Bram rp_bd_i/rp_bd_i/system_ila2/inst/ila_lib/inst/ila_core_inst/ila_trace_memory_inst/SUBCORE_RAM_BLK_MEM_1.trace_block_memory/inst_blk_mem_gen/gnbram.gnativebmg.native_blk_mem_gen/valid.cstr/ramloop[1].ram.r/prim_noinit.ram/DEVICE_8SERIES.NO_BMM_INFO.SDP.SIMPLE_PRIM36.ram port A has no connection. Skip unpacking
WARNING: [Physopt 32-742] BRAM Flop Optimization: Bram rp_bd_i/rp_bd_i/system_ila2/inst/ila_lib/inst/ila_core_inst/ila_trace_memory_inst/SUBCORE_RAM_BLK_MEM_1.trace_block_memory/inst_blk_mem_gen/gnbram.gnativebmg.native_blk_mem_gen/valid.cstr/ramloop[2].ram.r/prim_noinit.ram/DEVICE_8SERIES.NO_BMM_INFO.SDP.SIMPLE_PRIM36.ram port A has no connection. Skip unpacking
WARNING: [Physopt 32-742] BRAM Flop Optimization: Bram rp_bd_i/rp_bd_i/system_ila2/inst/ila_lib/inst/ila_core_inst/ila_trace_memory_inst/SUBCORE_RAM_BLK_MEM_1.trace_block_memory/inst_blk_mem_gen/gnbram.gnativebmg.native_blk_mem_gen/valid.cstr/ramloop[3].ram.r/prim_noinit.ram/DEVICE_8SERIES.NO_BMM_INFO.SDP.SIMPLE_PRIM36.ram port A has no connection. Skip unpacking
INFO: [Physopt 32-526] No candidate cells for BRAM register optimization found in the design
Phase 7 BRAM Register Optimization | Checksum: 162fdd1a4

Time (s): cpu = 00:03:29 ; elapsed = 00:01:45 . Memory (MB): peak = 4420.508 ; gain = 0.000 ; free physical = 50939 ; free virtual = 85071

Phase 8 Shift Register Optimization
INFO: [Physopt 32-677] No candidate cells for Shift Register optimization found in the design
Phase 8 Shift Register Optimization | Checksum: 162fdd1a4

Time (s): cpu = 00:03:29 ; elapsed = 00:01:46 . Memory (MB): peak = 4420.508 ; gain = 0.000 ; free physical = 50939 ; free virtual = 85071

Phase 9 Critical Pin Optimization
INFO: [Physopt 32-606] Identified 25 candidate nets for critical-pin optimization.
INFO: [Physopt 32-608] Optimized 4 nets.  Swapped 222 pins.
INFO: [Physopt 32-619] Estimated Timing Summary | WNS=-0.487 | TNS=-98.497 |
Netlist sorting complete. Time (s): cpu = 00:00:00.19 ; elapsed = 00:00:00.20 . Memory (MB): peak = 4420.508 ; gain = 0.000 ; free physical = 50939 ; free virtual = 85071
Phase 9 Critical Pin Optimization | Checksum: 162fdd1a4

Time (s): cpu = 00:03:39 ; elapsed = 00:01:56 . Memory (MB): peak = 4420.508 ; gain = 0.000 ; free physical = 50939 ; free virtual = 85071

Phase 10 Very High Fanout Optimization
INFO: [Physopt 32-64] No nets found for fanout-optimization.
Phase 10 Very High Fanout Optimization | Checksum: 162fdd1a4

Time (s): cpu = 00:03:40 ; elapsed = 00:01:56 . Memory (MB): peak = 4420.508 ; gain = 0.000 ; free physical = 50939 ; free virtual = 85071

Phase 11 BRAM Enable Optimization
Phase 11 BRAM Enable Optimization | Checksum: 162fdd1a4

Time (s): cpu = 00:03:40 ; elapsed = 00:01:56 . Memory (MB): peak = 4420.508 ; gain = 0.000 ; free physical = 50939 ; free virtual = 85071
Netlist sorting complete. Time (s): cpu = 00:00:00.19 ; elapsed = 00:00:00.20 . Memory (MB): peak = 4420.508 ; gain = 0.000 ; free physical = 50939 ; free virtual = 85071
INFO: [Physopt 32-603] Post Physical Optimization Timing Summary | WNS=-0.487 | TNS=-98.497 |

Summary of Physical Synthesis Optimizations
============================================


-----------------------------------------------------------------------------------------------------------------------------------------------------------------
|  Optimization       |  WNS Gain (ns)  |  TNS Gain (ns)  |  Added Cells  |  Removed Cells  |  Optimized Cells/Nets  |  Dont Touch  |  Iterations  |  Elapsed   |
-----------------------------------------------------------------------------------------------------------------------------------------------------------------
|  Fanout             |          0.000  |         -0.344  |            1  |              0  |                     1  |           0  |           1  |  00:00:01  |
|  Placement Based    |          0.001  |          8.335  |            0  |              0  |                    53  |           0  |           1  |  00:00:30  |
|  Rewire             |          0.000  |          0.000  |            0  |              0  |                     0  |           0  |           1  |  00:00:01  |
|  Critical Cell      |          0.000  |          1.558  |            5  |              0  |                     4  |           0  |           1  |  00:00:25  |
|  DSP Register       |          0.000  |          0.000  |            0  |              0  |                     0  |           0  |           1  |  00:00:00  |
|  BRAM Register      |          0.000  |          0.000  |            0  |              0  |                     0  |           0  |           1  |  00:00:00  |
|  Shift Register     |          0.000  |          0.000  |            0  |              0  |                     0  |           0  |           1  |  00:00:00  |
|  Very High Fanout   |          0.000  |          0.000  |            0  |              0  |                     0  |           0  |           1  |  00:00:00  |
|  Critical Pin       |          0.000  |          0.837  |            0  |              0  |                     4  |           0  |           1  |  00:00:10  |
|  Total              |          0.001  |         10.386  |            6  |              0  |                    62  |           0  |           9  |  00:01:07  |
-----------------------------------------------------------------------------------------------------------------------------------------------------------------


Ending Physical Synthesis Task | Checksum: 15f1a0ee0

Time (s): cpu = 00:05:05 ; elapsed = 00:03:17 . Memory (MB): peak = 4460.504 ; gain = 39.996 ; free physical = 50938 ; free virtual = 85070
INFO: [Common 17-83] Releasing license: Implementation
169 Infos, 23 Warnings, 0 Critical Warnings and 0 Errors encountered.
phys_opt_design completed successfully
phys_opt_design: Time (s): cpu = 00:05:17 ; elapsed = 00:03:29 . Memory (MB): peak = 4460.504 ; gain = 40.012 ; free physical = 50938 ; free virtual = 85070
