Command: place_design
Attempting to get a license for feature 'Implementation' and/or device 'xcku115'
INFO: [Common 17-349] Got license for feature 'Implementation' and/or device 'xcku115'
INFO: [DRC 23-27] Running DRC with 8 threads
INFO: [Vivado_Tcl 4-198] DRC finished with 0 Errors
INFO: [Vivado_Tcl 4-199] Please refer to the DRC report (report_drc) for more information.
Running DRC as a precondition to command place_design
INFO: [DRC 23-27] Running DRC with 8 threads
INFO: [Vivado_Tcl 4-198] DRC finished with 0 Errors
INFO: [Vivado_Tcl 4-199] Please refer to the DRC report (report_drc) for more information.

Starting Placer Task
INFO: [Place 30-611] Multithreading enabled for place_design using a maximum of 8 CPUs

Phase 1 Placer Initialization
Netlist sorting complete. Time (s): cpu = 00:00:00.20 ; elapsed = 00:00:00.21 . Memory (MB): peak = 3401.492 ; gain = 0.000 ; free physical = 51948 ; free virtual = 86050
Netlist sorting complete. Time (s): cpu = 00:00:00.19 ; elapsed = 00:00:00.20 . Memory (MB): peak = 3401.492 ; gain = 0.000 ; free physical = 51948 ; free virtual = 86050

Phase 1.1 IO Placement/ Clock Placement/ Build Placer Device
INFO: [Timing 38-35] Done setting XDC timing constraints.
Phase 1.1 IO Placement/ Clock Placement/ Build Placer Device | Checksum: e3f35442

Time (s): cpu = 00:05:22 ; elapsed = 00:05:05 . Memory (MB): peak = 3964.301 ; gain = 562.809 ; free physical = 51323 ; free virtual = 85425

Phase 1.2 Build Placer Netlist Model
Phase 1.2 Build Placer Netlist Model | Checksum: 18e2fe182

Time (s): cpu = 00:06:42 ; elapsed = 00:05:46 . Memory (MB): peak = 4082.832 ; gain = 681.340 ; free physical = 51213 ; free virtual = 85315

Phase 1.3 Constrain Clocks/Macros
Phase 1.3 Constrain Clocks/Macros | Checksum: 18e2fe182

Time (s): cpu = 00:06:46 ; elapsed = 00:05:50 . Memory (MB): peak = 4082.832 ; gain = 681.340 ; free physical = 51213 ; free virtual = 85315
Phase 1 Placer Initialization | Checksum: 18e2fe182

Time (s): cpu = 00:06:48 ; elapsed = 00:05:51 . Memory (MB): peak = 4082.832 ; gain = 681.340 ; free physical = 51213 ; free virtual = 85315

Phase 2 Global Placement
Phase 2 Global Placement | Checksum: 159add4fd

Time (s): cpu = 00:11:16 ; elapsed = 00:08:20 . Memory (MB): peak = 4272.887 ; gain = 871.395 ; free physical = 51117 ; free virtual = 85219

Phase 3 Detail Placement

Phase 3.1 Commit Multi Column Macros
Phase 3.1 Commit Multi Column Macros | Checksum: 159add4fd

Time (s): cpu = 00:11:19 ; elapsed = 00:08:21 . Memory (MB): peak = 4272.887 ; gain = 871.395 ; free physical = 51116 ; free virtual = 85218

Phase 3.2 Commit Most Macros & LUTRAMs
Phase 3.2 Commit Most Macros & LUTRAMs | Checksum: 201e4b14e

Time (s): cpu = 00:11:32 ; elapsed = 00:08:29 . Memory (MB): peak = 4332.910 ; gain = 931.418 ; free physical = 51117 ; free virtual = 85219

Phase 3.3 Area Swap Optimization
Phase 3.3 Area Swap Optimization | Checksum: 19b383d65

Time (s): cpu = 00:11:35 ; elapsed = 00:08:31 . Memory (MB): peak = 4332.910 ; gain = 931.418 ; free physical = 51117 ; free virtual = 85219

Phase 3.4 Pipeline Register Optimization
Phase 3.4 Pipeline Register Optimization | Checksum: 19b383d65

Time (s): cpu = 00:11:39 ; elapsed = 00:08:35 . Memory (MB): peak = 4332.910 ; gain = 931.418 ; free physical = 51118 ; free virtual = 85220

Phase 3.5 IO Cut Optimizer
Phase 3.5 IO Cut Optimizer | Checksum: 245deb017

Time (s): cpu = 00:11:48 ; elapsed = 00:08:43 . Memory (MB): peak = 4385.207 ; gain = 983.715 ; free physical = 51066 ; free virtual = 85168

Phase 3.6 Timing Path Optimizer
Phase 3.6 Timing Path Optimizer | Checksum: 245deb017

Time (s): cpu = 00:11:48 ; elapsed = 00:08:43 . Memory (MB): peak = 4385.207 ; gain = 983.715 ; free physical = 51066 ; free virtual = 85168

Phase 3.7 Fast Optimization
Phase 3.7 Fast Optimization | Checksum: 1e974e44b

Time (s): cpu = 00:11:52 ; elapsed = 00:08:46 . Memory (MB): peak = 4385.207 ; gain = 983.715 ; free physical = 51066 ; free virtual = 85168

Phase 3.8 Small Shape Detail Placement
Phase 3.8 Small Shape Detail Placement | Checksum: 166ec68d4

Time (s): cpu = 00:12:24 ; elapsed = 00:09:03 . Memory (MB): peak = 4385.207 ; gain = 983.715 ; free physical = 51066 ; free virtual = 85168

Phase 3.9 Re-assign LUT pins
Phase 3.9 Re-assign LUT pins | Checksum: 1cdc39197

Time (s): cpu = 00:12:26 ; elapsed = 00:09:06 . Memory (MB): peak = 4385.207 ; gain = 983.715 ; free physical = 51066 ; free virtual = 85168

Phase 3.10 Pipeline Register Optimization
Phase 3.10 Pipeline Register Optimization | Checksum: 1cdc39197

Time (s): cpu = 00:12:32 ; elapsed = 00:09:10 . Memory (MB): peak = 4385.207 ; gain = 983.715 ; free physical = 51066 ; free virtual = 85168

Phase 3.11 Fast Optimization
Phase 3.11 Fast Optimization | Checksum: 12bb37ebe

Time (s): cpu = 00:13:02 ; elapsed = 00:09:23 . Memory (MB): peak = 4385.207 ; gain = 983.715 ; free physical = 51066 ; free virtual = 85168
Phase 3 Detail Placement | Checksum: 12bb37ebe

Time (s): cpu = 00:13:04 ; elapsed = 00:09:24 . Memory (MB): peak = 4385.207 ; gain = 983.715 ; free physical = 51066 ; free virtual = 85168

Phase 4 Post Placement Optimization and Clean-Up

Phase 4.1 Post Commit Optimization
INFO: [Timing 38-35] Done setting XDC timing constraints.

Phase 4.1.1 Post Placement Optimization
INFO: [Place 30-746] Post Placement Timing Summary WNS=-0.501. For the most accurate timing information please run report_timing.

Phase 4.1.1.1 Replication
INFO: [Physopt 32-721] Multithreading enabled for phys_opt_design using a maximum of 8 CPUs
INFO: [Place 46-19] Post Replication Timing Summary WNS=-0.501. For the most accurate timing information please run report_timing.
Phase 4.1.1.1 Replication | Checksum: 194e64430

Time (s): cpu = 00:16:04 ; elapsed = 00:11:25 . Memory (MB): peak = 4385.207 ; gain = 983.715 ; free physical = 51040 ; free virtual = 85141
Phase 4.1.1 Post Placement Optimization | Checksum: 194e64430

Time (s): cpu = 00:16:05 ; elapsed = 00:11:25 . Memory (MB): peak = 4385.207 ; gain = 983.715 ; free physical = 51040 ; free virtual = 85142
Phase 4.1 Post Commit Optimization | Checksum: 194e64430

Time (s): cpu = 00:16:07 ; elapsed = 00:11:27 . Memory (MB): peak = 4385.207 ; gain = 983.715 ; free physical = 51040 ; free virtual = 85142

Phase 4.2 Post Placement Cleanup
Phase 4.2 Post Placement Cleanup | Checksum: 194e64430

Time (s): cpu = 00:16:26 ; elapsed = 00:11:40 . Memory (MB): peak = 4385.207 ; gain = 983.715 ; free physical = 51040 ; free virtual = 85142

Phase 4.3 Placer Reporting
Phase 4.3 Placer Reporting | Checksum: 21085826b

Time (s): cpu = 00:17:55 ; elapsed = 00:13:09 . Memory (MB): peak = 4420.488 ; gain = 1018.996 ; free physical = 50971 ; free virtual = 85072

Phase 4.4 Final Placement Cleanup
Phase 4.4 Final Placement Cleanup | Checksum: 230f23828

Time (s): cpu = 00:17:57 ; elapsed = 00:13:12 . Memory (MB): peak = 4420.488 ; gain = 1018.996 ; free physical = 50971 ; free virtual = 85072
Phase 4 Post Placement Optimization and Clean-Up | Checksum: 230f23828

Time (s): cpu = 00:17:59 ; elapsed = 00:13:14 . Memory (MB): peak = 4420.488 ; gain = 1018.996 ; free physical = 50971 ; free virtual = 85072
Ending Placer Task | Checksum: 1b859a0eb

Time (s): cpu = 00:18:00 ; elapsed = 00:13:14 . Memory (MB): peak = 4420.488 ; gain = 1018.996 ; free physical = 50971 ; free virtual = 85072
INFO: [Common 17-83] Releasing license: Implementation
14 Infos, 0 Warnings, 0 Critical Warnings and 0 Errors encountered.
place_design completed successfully
place_design: Time (s): cpu = 00:20:17 ; elapsed = 00:15:10 . Memory (MB): peak = 4420.488 ; gain = 1069.016 ; free physical = 50971 ; free virtual = 85072
